Oracle Interim Patch Installer version 12.2.0.1.19
Copyright (c) 2020, Oracle Corporation.  All rights reserved.

PREREQ session

Oracle Home       : /opt/app/oracle/product/12.1.0/dbhome_1
Central Inventory : /opt/app/oraInventory
   from           : /opt/app/oracle/product/12.1.0/dbhome_1/oraInst.loc
OPatch version    : 12.2.0.1.19
OUI version       : 12.1.0.2.0
Log file location : /opt/app/oracle/product/12.1.0/dbhome_1/cfgtoollogs/opatch/opatch2020-02-24_14-04-10PM_1.log

Invoking prereq "checkconflictagainstohwithdetail"

Prereq "checkConflictAgainstOHWithDetail" passed.

OPatch succeeded.
[oracle@botany 29141015]$ lsnrctl stop

LSNRCTL for Linux: Version 12.1.0.2.0 - Production on 24-FEB-2020 14:07:19

Copyright (c) 1991, 2014, Oracle.  All rights reserved.

Connecting to (DESCRIPTION=(ADDRESS=(PROTOCOL=IPC)(KEY=LISTENER)))
The command completed successfully
[oracle@botany 29141015]$ ps -ef|grep pmon
oracle     6347   1871  0 14:08 pts/1    00:00:00 grep pmon
[oracle@botany 29141015]$ ${ORACLE_HOME}/OPatch/opatch apply
Oracle Interim Patch Installer version 12.2.0.1.19
Copyright (c) 2020, Oracle Corporation.  All rights reserved.


Oracle Home       : /opt/app/oracle/product/12.1.0/dbhome_1
Central Inventory : /opt/app/oraInventory
   from           : /opt/app/oracle/product/12.1.0/dbhome_1/oraInst.loc
OPatch version    : 12.2.0.1.19
OUI version       : 12.1.0.2.0
Log file location : /opt/app/oracle/product/12.1.0/dbhome_1/cfgtoollogs/opatch/opatch2020-02-24_14-57-56PM_1.log

Verifying environment and performing prerequisite checks...
OPatch continues with these patches:   21359755  21948354  22291127  23054246  24006101  24732082  25171037  25755742  26609783  26713565  26925311  27338041  27547329  28259833  28729169  29141015  

Do you want to proceed? [y|n]
y
User Responded with: Y
All checks passed.

Please shutdown Oracle instances running out of this ORACLE_HOME on the local system.
(Oracle Home = '/opt/app/oracle/product/12.1.0/dbhome_1')


Is the local system ready for patching? [y|n]
y
User Responded with: Y
Backing up files...
Applying sub-patch '21359755' to OH '/opt/app/oracle/product/12.1.0/dbhome_1'

Patching component oracle.assistants.server, 12.1.0.2.0...

Patching component oracle.rdbms.rsf, 12.1.0.2.0...

Patching component oracle.rdbms, 12.1.0.2.0...

Patching component oracle.rdbms.dbscripts, 12.1.0.2.0...

Patching component oracle.tfa, 12.1.0.2.0...
Applying sub-patch '21948354' to OH '/opt/app/oracle/product/12.1.0/dbhome_1'

Patching component oracle.rdbms.deconfig, 12.1.0.2.0...

Patching component oracle.xdk, 12.1.0.2.0...

Patching component oracle.tfa, 12.1.0.2.0...

Patching component oracle.rdbms, 12.1.0.2.0...

Patching component oracle.rdbms.dbscripts, 12.1.0.2.0...

Patching component oracle.xdk.parser.java, 12.1.0.2.0...

Patching component oracle.rdbms.rsf, 12.1.0.2.0...

Patching component oracle.xdk.rsf, 12.1.0.2.0...
Applying sub-patch '22291127' to OH '/opt/app/oracle/product/12.1.0/dbhome_1'
ApplySession: Optional component(s) [ oracle.oid.client, 12.1.0.2.0 ]  not present in the Oracle Home or a higher version is found.

Patching component oracle.ldap.rsf, 12.1.0.2.0...

Patching component oracle.ldap.client, 12.1.0.2.0...

Patching component oracle.tfa, 12.1.0.2.0...

Patching component oracle.rdbms, 12.1.0.2.0...

Patching component oracle.rdbms.dbscripts, 12.1.0.2.0...

Patching component oracle.rdbms.rsf, 12.1.0.2.0...

Patching component oracle.oraolap, 12.1.0.2.0...

Patching component oracle.rdbms.rman, 12.1.0.2.0...

Patching component oracle.oraolap.dbscripts, 12.1.0.2.0...
Applying sub-patch '23054246' to OH '/opt/app/oracle/product/12.1.0/dbhome_1'

Patching component oracle.rdbms.dv, 12.1.0.2.0...

Patching component oracle.rdbms.rsf, 12.1.0.2.0...

Patching component oracle.rdbms.rman, 12.1.0.2.0...

Patching component oracle.rdbms, 12.1.0.2.0...

Patching component oracle.rdbms.dbscripts, 12.1.0.2.0...

Patching component oracle.ldap.rsf, 12.1.0.2.0...

Patching component oracle.install.deinstalltool, 12.1.0.2.0...

Patching component oracle.ldap.rsf.ic, 12.1.0.2.0...

Patching component oracle.oracore.rsf, 12.1.0.2.0...

Patching component oracle.ctx, 12.1.0.2.0...

Patching component oracle.xdk, 12.1.0.2.0...

Patching component oracle.nlsrtl.rsf, 12.1.0.2.0...

Patching component oracle.xdk.parser.java, 12.1.0.2.0...

Patching component oracle.ctx.atg, 12.1.0.2.0...
Applying sub-patch '24006101' to OH '/opt/app/oracle/product/12.1.0/dbhome_1'

Patching component oracle.sqlplus, 12.1.0.2.0...

Patching component oracle.rdbms, 12.1.0.2.0...

Patching component oracle.network.listener, 12.1.0.2.0...

Patching component oracle.network.rsf, 12.1.0.2.0...

Patching component oracle.rdbms.dv, 12.1.0.2.0...

Patching component oracle.rdbms.rman, 12.1.0.2.0...

Patching component oracle.rdbms.dbscripts, 12.1.0.2.0...

Patching component oracle.sqlplus.ic, 12.1.0.2.0...

Patching component oracle.rdbms.rsf, 12.1.0.2.0...
Applying sub-patch '24732082' to OH '/opt/app/oracle/product/12.1.0/dbhome_1'

Patching component oracle.rdbms.install.plugins, 12.1.0.2.0...

Patching component oracle.rdbms.rsf, 12.1.0.2.0...

Patching component oracle.tfa, 12.1.0.2.0...

Patching component oracle.rdbms.rman, 12.1.0.2.0...

Patching component oracle.rdbms, 12.1.0.2.0...

Patching component oracle.rdbms.dbscripts, 12.1.0.2.0...
Applying sub-patch '25171037' to OH '/opt/app/oracle/product/12.1.0/dbhome_1'

Patching component oracle.sqlplus.ic, 12.1.0.2.0...

Patching component oracle.sqlplus, 12.1.0.2.0...

Patching component oracle.tfa, 12.1.0.2.0...

Patching component oracle.ordim.client, 12.1.0.2.0...

Patching component oracle.ordim.client, 12.1.0.2.0...

Patching component oracle.ordim.jai, 12.1.0.2.0...

Patching component oracle.ordim.server, 12.1.0.2.0...

Patching component oracle.rdbms, 12.1.0.2.0...

Patching component oracle.rdbms.rsf, 12.1.0.2.0...

Patching component oracle.rdbms.rman, 12.1.0.2.0...

Patching component oracle.rdbms.install.plugins, 12.1.0.2.0...

Patching component oracle.javavm.containers, 12.1.0.2.0...
Applying sub-patch '25755742' to OH '/opt/app/oracle/product/12.1.0/dbhome_1'
ApplySession: Optional component(s) [ oracle.oid.client, 12.1.0.2.0 ] , [ oracle.has.crs, 12.1.0.2.0 ]  not present in the Oracle Home or a higher version is found.

Patching component oracle.network.rsf, 12.1.0.2.0...

Patching component oracle.ldap.rsf, 12.1.0.2.0...

Patching component oracle.ldap.client, 12.1.0.2.0...

Patching component oracle.oracore.rsf, 12.1.0.2.0...

Patching component oracle.rdbms.deconfig, 12.1.0.2.0...

Patching component oracle.tfa, 12.1.0.2.0...

Patching component oracle.network.listener, 12.1.0.2.0...

Patching component oracle.rdbms, 12.1.0.2.0...

Patching component oracle.rdbms.dbscripts, 12.1.0.2.0...

Patching component oracle.rdbms.rsf, 12.1.0.2.0...

Patching component oracle.rdbms.rman, 12.1.0.2.0...
Applying sub-patch '26609783' to OH '/opt/app/oracle/product/12.1.0/dbhome_1'

Patching component oracle.rdbms, 12.1.0.2.0...

Patching component oracle.rdbms.rsf, 12.1.0.2.0...

Patching component oracle.oracore.rsf, 12.1.0.2.0...
Applying sub-patch '26713565' to OH '/opt/app/oracle/product/12.1.0/dbhome_1'
ApplySession: Optional component(s) [ oracle.oid.client, 12.1.0.2.0 ] , [ oracle.has.crs, 12.1.0.2.0 ]  not present in the Oracle Home or a higher version is found.

Patching component oracle.ldap.client, 12.1.0.2.0...

Patching component oracle.rdbms.crs, 12.1.0.2.0...

Patching component oracle.rdbms.deconfig, 12.1.0.2.0...

Patching component oracle.xdk, 12.1.0.2.0...

Patching component oracle.tfa, 12.1.0.2.0...

Patching component oracle.rdbms, 12.1.0.2.0...

Patching component oracle.rdbms.dbscripts, 12.1.0.2.0...

Patching component oracle.xdk.parser.java, 12.1.0.2.0...

Patching component oracle.xdk.rsf, 12.1.0.2.0...

Patching component oracle.rdbms.rsf, 12.1.0.2.0...

Patching component oracle.rdbms.rman, 12.1.0.2.0...
Applying sub-patch '26925311' to OH '/opt/app/oracle/product/12.1.0/dbhome_1'

Patching component oracle.network.rsf, 12.1.0.2.0...

Patching component oracle.rdbms.rsf, 12.1.0.2.0...

Patching component oracle.rdbms.rman, 12.1.0.2.0...

Patching component oracle.rdbms, 12.1.0.2.0...

Patching component oracle.rdbms.dbscripts, 12.1.0.2.0...
Applying sub-patch '27338041' to OH '/opt/app/oracle/product/12.1.0/dbhome_1'
ApplySession: Optional component(s) [ oracle.assistants.asm, 12.1.0.2.0 ]  not present in the Oracle Home or a higher version is found.

Patching component oracle.network.rsf, 12.1.0.2.0...

Patching component oracle.assistants.server, 12.1.0.2.0...

Patching component oracle.rdbms.rsf, 12.1.0.2.0...

Patching component oracle.rdbms.rman, 12.1.0.2.0...

Patching component oracle.rdbms, 12.1.0.2.0...

Patching component oracle.rdbms.dbscripts, 12.1.0.2.0...

Patching component oracle.sqlplus.rsf, 12.1.0.2.0...
Applying sub-patch '27547329' to OH '/opt/app/oracle/product/12.1.0/dbhome_1'

Patching component oracle.network.rsf, 12.1.0.2.0...

Patching component oracle.tfa, 12.1.0.2.0...

Patching component oracle.rdbms, 12.1.0.2.0...

Patching component oracle.rdbms.dbscripts, 12.1.0.2.0...

Patching component oracle.ldap.rsf, 12.1.0.2.0...

Patching component oracle.ctx.rsf, 12.1.0.2.0...

Patching component oracle.rdbms.rman, 12.1.0.2.0...

Patching component oracle.oracore.rsf, 12.1.0.2.0...

Patching component oracle.ctx, 12.1.0.2.0...

Patching component oracle.nlsrtl.rsf, 12.1.0.2.0...

Patching component oracle.rdbms.rsf, 12.1.0.2.0...
Applying sub-patch '28259833' to OH '/opt/app/oracle/product/12.1.0/dbhome_1'
ApplySession: Optional component(s) [ oracle.has.crs, 12.1.0.2.0 ]  not present in the Oracle Home or a higher version is found.

Patching component oracle.oracore.rsf, 12.1.0.2.0...

Patching component oracle.rdbms, 12.1.0.2.0...

Patching component oracle.rdbms.dbscripts, 12.1.0.2.0...

Patching component oracle.rdbms.rsf, 12.1.0.2.0...

Patching component oracle.rdbms.rman, 12.1.0.2.0...

Patching component oracle.rdbms.crs, 12.1.0.2.0...
Applying sub-patch '28729169' to OH '/opt/app/oracle/product/12.1.0/dbhome_1'

Patching component oracle.ldap.rsf, 12.1.0.2.0...

Patching component oracle.rdbms.rman, 12.1.0.2.0...

Patching component oracle.rdbms.dbscripts, 12.1.0.2.0...

Patching component oracle.rdbms, 12.1.0.2.0...

Patching component oracle.tfa, 12.1.0.2.0...

Patching component oracle.rdbms.rsf, 12.1.0.2.0...
Applying sub-patch '29141015' to OH '/opt/app/oracle/product/12.1.0/dbhome_1'
ApplySession: Optional component(s) [ oracle.has.crs, 12.1.0.2.0 ]  not present in the Oracle Home or a higher version is found.

Patching component oracle.ldap.rsf, 12.1.0.2.0...

Patching component oracle.rdbms.deconfig, 12.1.0.2.0...

Patching component oracle.rdbms.rsf, 12.1.0.2.0...

Patching component oracle.rdbms.crs, 12.1.0.2.0...

Patching component oracle.rdbms, 12.1.0.2.0...

Patching component oracle.rdbms.dbscripts, 12.1.0.2.0...

Patching component oracle.rdbms.rman, 12.1.0.2.0...

Patching component oracle.tfa, 12.1.0.2.0...

OPatch found the word "error" in the stderr of the make command.
Please look at this stderr. You can re-run this make command.
Stderr output:
chmod: changing permissions of `/opt/app/oracle/product/12.1.0/dbhome_1/bin/extjobO': Operation not permitted
make: [iextjob] Error 1 (ignored)


Composite patch 29141015 successfully applied.
OPatch Session completed with warnings.
Log file location: /opt/app/oracle/product/12.1.0/dbhome_1/cfgtoollogs/opatch/opatch2020-02-24_14-57-56PM_1.log

OPatch completed with warnings.
