pg_dump: reading extensions
pg_dump: identifying extension members
pg_dump: reading schemas
pg_dump: reading user-defined tables
pg_dump: reading user-defined functions
pg_dump: reading user-defined types
pg_dump: reading procedural languages
pg_dump: reading user-defined aggregate functions
pg_dump: reading user-defined operators
pg_dump: reading user-defined access methods
pg_dump: reading user-defined operator classes
pg_dump: reading user-defined operator families
pg_dump: reading user-defined text search parsers
pg_dump: reading user-defined text search templates
pg_dump: reading user-defined text search dictionaries
pg_dump: reading user-defined text search configurations
pg_dump: reading user-defined foreign-data wrappers
pg_dump: reading user-defined foreign servers
pg_dump: reading default privileges
pg_dump: reading user-defined collations
pg_dump: reading user-defined conversions
pg_dump: reading type casts
pg_dump: reading transforms
pg_dump: reading table inheritance information
pg_dump: reading event triggers
pg_dump: finding extension tables
pg_dump: finding inheritance relationships
pg_dump: reading column info for interesting tables
pg_dump: finding the columns and types of table "public.amazon_orders"
pg_dump: finding the columns and types of table "public.amazon_presents"
pg_dump: finding the columns and types of table "public.book"
pg_dump: finding the columns and types of table "public.book_identity"
pg_dump: finding the columns and types of table "public.contributor"
pg_dump: finding the columns and types of table "public.given_to"
pg_dump: finding check constraints for table "public.given_to"
pg_dump: finding the columns and types of table "public.recipient"
pg_dump: finding the columns and types of table "public.presents"
pg_dump: finding the columns and types of table "public.written_by"
pg_dump: flagging inherited columns in subtables
pg_dump: reading partitioning data
pg_dump: reading indexes
pg_dump: reading indexes for table "public.book"
pg_dump: reading indexes for table "public.book_identity"
pg_dump: reading indexes for table "public.contributor"
pg_dump: reading indexes for table "public.given_to"
pg_dump: reading indexes for table "public.recipient"
pg_dump: reading indexes for table "public.written_by"
pg_dump: flagging indexes in partitioned tables
pg_dump: reading extended statistics
pg_dump: reading constraints
pg_dump: reading foreign key constraints for table "public.book"
pg_dump: reading foreign key constraints for table "public.book_identity"
pg_dump: reading foreign key constraints for table "public.contributor"
pg_dump: reading foreign key constraints for table "public.given_to"
pg_dump: reading foreign key constraints for table "public.recipient"
pg_dump: reading foreign key constraints for table "public.written_by"
pg_dump: reading triggers
pg_dump: reading triggers for table "public.book"
pg_dump: reading triggers for table "public.book_identity"
pg_dump: reading triggers for table "public.contributor"
pg_dump: reading triggers for table "public.given_to"
pg_dump: reading triggers for table "public.recipient"
pg_dump: reading triggers for table "public.written_by"
pg_dump: reading rewrite rules
pg_dump: reading policies
pg_dump: reading row-level security policies
pg_dump: reading publications
pg_dump: reading publication membership
pg_dump: reading subscriptions
pg_dump: reading large objects
pg_dump: reading dependency data
pg_dump: saving encoding = UTF8
pg_dump: saving standard_conforming_strings = on
pg_dump: saving search_path = 
pg_dump: saving database definition
pg_dump: dumping contents of table "public.amazon_orders"
pg_dump: dumping contents of table "public.book"
pg_dump: dumping contents of table "public.book_identity"
pg_dump: dumping contents of table "public.contributor"
pg_dump: dumping contents of table "public.written_by"
pg_dump: finished item 3404 TABLE DATA book_identity
pg_dump: finished item 3403 TABLE DATA book
pg_dump: finished item 3405 TABLE DATA contributor
pg_dump: dumping contents of table "public.recipient"
pg_dump: finished item 3402 TABLE DATA amazon_orders
pg_dump: finished item 3408 TABLE DATA recipient
pg_dump: finished item 3410 TABLE DATA written_by
pg_dump: dumping contents of table "public.given_to"
pg_dump: finished item 3407 TABLE DATA given_to
pg_dump: last built-in OID is 16383
pg_dump: reading extensions
pg_dump: identifying extension members
pg_dump: reading schemas
pg_dump: reading user-defined tables
pg_dump: reading user-defined functions
pg_dump: reading user-defined types
pg_dump: reading procedural languages
pg_dump: reading user-defined aggregate functions
pg_dump: reading user-defined operators
pg_dump: reading user-defined access methods
pg_dump: reading user-defined operator classes
pg_dump: reading user-defined operator families
pg_dump: reading user-defined text search parsers
pg_dump: reading user-defined text search templates
pg_dump: reading user-defined text search dictionaries
pg_dump: reading user-defined text search configurations
pg_dump: reading user-defined foreign-data wrappers
pg_dump: reading user-defined foreign servers
pg_dump: reading default privileges
pg_dump: reading user-defined collations
pg_dump: reading user-defined conversions
pg_dump: reading type casts
pg_dump: reading transforms
pg_dump: reading table inheritance information
pg_dump: reading event triggers
pg_dump: finding extension tables
pg_dump: finding inheritance relationships
pg_dump: reading column info for interesting tables
pg_dump: flagging inherited columns in subtables
pg_dump: reading partitioning data
pg_dump: reading indexes
pg_dump: flagging indexes in partitioned tables
pg_dump: reading extended statistics
pg_dump: reading constraints
pg_dump: reading triggers
pg_dump: reading rewrite rules
pg_dump: reading policies
pg_dump: reading row-level security policies
pg_dump: reading publications
pg_dump: reading publication membership
pg_dump: reading subscriptions
pg_dump: reading large objects
pg_dump: reading dependency data
pg_dump: saving encoding = UTF8
pg_dump: saving standard_conforming_strings = on
pg_dump: saving search_path = 
pg_dump: saving database definition
pg_dump: last built-in OID is 16383
pg_dump: reading extensions
pg_dump: identifying extension members
pg_dump: reading schemas
pg_dump: reading user-defined tables
pg_dump: reading user-defined functions
pg_dump: reading user-defined types
pg_dump: reading procedural languages
pg_dump: reading user-defined aggregate functions
pg_dump: reading user-defined operators
pg_dump: reading user-defined access methods
pg_dump: reading user-defined operator classes
pg_dump: reading user-defined operator families
pg_dump: reading user-defined text search parsers
pg_dump: reading user-defined text search templates
pg_dump: reading user-defined text search dictionaries
pg_dump: reading user-defined text search configurations
pg_dump: reading user-defined foreign-data wrappers
pg_dump: reading user-defined foreign servers
pg_dump: reading default privileges
pg_dump: reading user-defined collations
pg_dump: reading user-defined conversions
pg_dump: reading type casts
pg_dump: reading transforms
pg_dump: reading table inheritance information
pg_dump: reading event triggers
pg_dump: finding extension tables
pg_dump: finding inheritance relationships
pg_dump: reading column info for interesting tables
pg_dump: finding the columns and types of table "staging.factfinder_import"
pg_dump: flagging inherited columns in subtables
pg_dump: reading partitioning data
pg_dump: reading indexes
pg_dump: flagging indexes in partitioned tables
pg_dump: reading extended statistics
pg_dump: reading constraints
pg_dump: reading triggers
pg_dump: reading rewrite rules
pg_dump: reading policies
pg_dump: reading row-level security policies
pg_dump: reading publications
pg_dump: reading publication membership
pg_dump: reading subscriptions
pg_dump: reading large objects
pg_dump: reading dependency data
pg_dump: saving encoding = UTF8
pg_dump: saving standard_conforming_strings = on
pg_dump: saving search_path = 
pg_dump: saving database definition
pg_dump: dumping contents of table "staging.factfinder_import"
pg_dump: finished item 3345 TABLE DATA factfinder_import
