Action completed. Waiting until the resource has entered state: ('RUNNING', 'TERMINATED')
{
  "data": {
    "agent-config": {
      "are-all-plugins-disabled": false,
      "is-management-disabled": false,
      "is-monitoring-disabled": false,
      "plugins-config": null
    },
    "availability-config": {
      "is-live-migration-preferred": null,
      "recovery-action": "RESTORE_INSTANCE"
    },
    "availability-domain": "bPBR:AP-SYDNEY-1-AD-1",
    "capacity-reservation-id": null,
    "cluster-placement-group-id": null,
    "compartment-id": "ocid1.compartment.oc1..aaaaaaaamoo6uz2qmix2adls2cgoqxxhdt4wuam3wbcrw6co6z4osweos6da",
    "dedicated-vm-host-id": null,
    "defined-tags": {
      "Oracle-Tags": {
        "CreatedBy": "default/tenancy_admin",
        "CreatedOn": "2024-07-10T12:53:50.169Z"
      }
    },
    "display-name": "Sandbox public VM",
    "extended-metadata": {},
    "fault-domain": "FAULT-DOMAIN-1",
    "freeform-tags": {},
    "id": "ocid1.instance.oc1.ap-sydney-1.anzxsljr63mv4jyccenohllmvut2yvxbxiguikz3huwnpkpf4mzv777pp74q",
    "image-id": "ocid1.image.oc1.ap-sydney-1.aaaaaaaaul3ds7anoxbgr7b7jclvjetbo3nwueibpawh3fxo4u4jqjrxgefa",
    "instance-configuration-id": null,
    "instance-options": {
      "are-legacy-imds-endpoints-disabled": false
    },
    "ipxe-script": null,
    "is-cross-numa-node": false,
    "launch-mode": "PARAVIRTUALIZED",
    "launch-options": {
      "boot-volume-type": "PARAVIRTUALIZED",
      "firmware": "UEFI_64",
      "is-consistent-volume-naming-enabled": true,
      "is-pv-encryption-in-transit-enabled": false,
      "network-type": "PARAVIRTUALIZED",
      "remote-data-volume-type": "PARAVIRTUALIZED"
    },
    "lifecycle-state": "RUNNING",
    "metadata": {},
    "platform-config": null,
    "preemptible-instance-config": null,
    "region": "ap-sydney-1",
    "shape": "VM.Standard.E2.1.Micro",
    "shape-config": {
      "baseline-ocpu-utilization": null,
      "gpu-description": null,
      "gpus": 0,
      "local-disk-description": null,
      "local-disks": 0,
      "local-disks-total-size-in-gbs": null,
      "max-vnic-attachments": 1,
      "memory-in-gbs": 1.0,
      "networking-bandwidth-in-gbps": 0.48,
      "ocpus": 1.0,
      "processor-description": "2.0 GHz AMD EPYC\u2122 7551 (Naples)",
      "vcpus": 2
    },
    "source-details": {
      "boot-volume-size-in-gbs": null,
      "boot-volume-vpus-per-gb": null,
      "image-id": "ocid1.image.oc1.ap-sydney-1.aaaaaaaaul3ds7anoxbgr7b7jclvjetbo3nwueibpawh3fxo4u4jqjrxgefa",
      "instance-source-image-filter-details": null,
      "kms-key-id": null,
      "source-type": "image"
    },
    "system-tags": {
      "orcl-cloud": {
        "free-tier-retained": "true"
      }
    },
    "time-created": "2024-07-10T12:53:50.835000+00:00",
    "time-maintenance-reboot-due": null
  },
  "etag": "0d4af0a5126449218aac1f64a0b892a3f261e3e0928e26c880643dee7f1f9499"
}

