[sudo] password for douglas: 
Reading package lists... Done
Building dependency tree       
Reading state information... Done
The following additional packages will be installed:
  binutils binutils-common binutils-x86-64-linux-gnu build-essential cpp cpp-7 dpkg-dev fakeroot g++ g++-7 gcc gcc-7 gcc-7-base libalgorithm-diff-perl libalgorithm-diff-xs-perl libalgorithm-merge-perl
  libasan4 libatomic1 libbinutils libc-dev-bin libc6-dev libcc1-0 libcilkrts5 libdpkg-perl libexpat1-dev libfakeroot libfile-fcntllock-perl libgcc-7-dev libgomp1 libisl19 libitm1 liblsan0 libmpc3
  libmpx2 libpython3-dev libpython3.6-dev libquadmath0 libstdc++-7-dev libtsan0 libubsan0 linux-libc-dev make manpages-dev python-pip-whl python3-crypto python3-dev python3-keyring python3-keyrings.alt
  python3-secretstorage python3-setuptools python3-wheel python3-xdg python3.6-dev
Suggested packages:
  binutils-doc cpp-doc gcc-7-locales debian-keyring g++-multilib g++-7-multilib gcc-7-doc libstdc++6-7-dbg gcc-multilib autoconf automake libtool flex bison gdb gcc-doc gcc-7-multilib libgcc1-dbg
  libgomp1-dbg libitm1-dbg libatomic1-dbg libasan4-dbg liblsan0-dbg libtsan0-dbg libubsan0-dbg libcilkrts5-dbg libmpx2-dbg libquadmath0-dbg glibc-doc bzr libstdc++-7-doc make-doc python-crypto-doc
  gnome-keyring libkf5wallet-bin gir1.2-gnomekeyring-1.0 python-secretstorage-doc python-setuptools-doc
The following NEW packages will be installed:
  binutils binutils-common binutils-x86-64-linux-gnu build-essential cpp cpp-7 dpkg-dev fakeroot g++ g++-7 gcc gcc-7 gcc-7-base libalgorithm-diff-perl libalgorithm-diff-xs-perl libalgorithm-merge-perl
  libasan4 libatomic1 libbinutils libc-dev-bin libc6-dev libcc1-0 libcilkrts5 libdpkg-perl libexpat1-dev libfakeroot libfile-fcntllock-perl libgcc-7-dev libgomp1 libisl19 libitm1 liblsan0 libmpc3
  libmpx2 libpython3-dev libpython3.6-dev libquadmath0 libstdc++-7-dev libtsan0 libubsan0 linux-libc-dev make manpages-dev python-pip-whl python3-crypto python3-dev python3-keyring python3-keyrings.alt
  python3-pip python3-secretstorage python3-setuptools python3-wheel python3-xdg python3.6-dev
0 to upgrade, 54 to newly install, 0 to remove and 0 not to upgrade.
Need to get 85.0 MB of archives.
After this operation, 244 MB of additional disk space will be used.
Do you want to continue? [Y/n] Y
Get:1 http://au.archive.ubuntu.com/ubuntu bionic-updates/main amd64 binutils-common amd64 2.30-21ubuntu1~18.04.2 [193 kB]
Get:2 http://au.archive.ubuntu.com/ubuntu bionic-updates/main amd64 libbinutils amd64 2.30-21ubuntu1~18.04.2 [503 kB]
Get:3 http://au.archive.ubuntu.com/ubuntu bionic-updates/main amd64 binutils-x86-64-linux-gnu amd64 2.30-21ubuntu1~18.04.2 [1,856 kB]
Get:4 http://au.archive.ubuntu.com/ubuntu bionic-updates/main amd64 binutils amd64 2.30-21ubuntu1~18.04.2 [3,396 B]
Get:5 http://au.archive.ubuntu.com/ubuntu bionic/main amd64 libc-dev-bin amd64 2.27-3ubuntu1 [71.8 kB]
Get:6 http://au.archive.ubuntu.com/ubuntu bionic-updates/main amd64 linux-libc-dev amd64 4.15.0-72.81 [1,000 kB]
Get:7 http://au.archive.ubuntu.com/ubuntu bionic/main amd64 libc6-dev amd64 2.27-3ubuntu1 [2,587 kB]
Get:8 http://au.archive.ubuntu.com/ubuntu bionic-updates/main amd64 gcc-7-base amd64 7.4.0-1ubuntu1~18.04.1 [18.9 kB]                                                                                      
Get:9 http://au.archive.ubuntu.com/ubuntu bionic/main amd64 libisl19 amd64 0.19-1 [551 kB]                                                                                                                 
Get:10 http://au.archive.ubuntu.com/ubuntu bionic/main amd64 libmpc3 amd64 1.1.0-1 [40.8 kB]                                                                                                               
Get:11 http://au.archive.ubuntu.com/ubuntu bionic-updates/main amd64 cpp-7 amd64 7.4.0-1ubuntu1~18.04.1 [6,742 kB]                                                                                         
Get:12 http://au.archive.ubuntu.com/ubuntu bionic-updates/main amd64 cpp amd64 4:7.4.0-1ubuntu2.3 [27.7 kB]                                                                                                
Get:13 http://au.archive.ubuntu.com/ubuntu bionic-updates/main amd64 libcc1-0 amd64 8.3.0-6ubuntu1~18.04.1 [47.4 kB]                                                                                       
Get:14 http://au.archive.ubuntu.com/ubuntu bionic-updates/main amd64 libgomp1 amd64 8.3.0-6ubuntu1~18.04.1 [76.4 kB]                                                                                       
Get:15 http://au.archive.ubuntu.com/ubuntu bionic-updates/main amd64 libitm1 amd64 8.3.0-6ubuntu1~18.04.1 [28.0 kB]                                                                                        
Get:16 http://au.archive.ubuntu.com/ubuntu bionic-updates/main amd64 libatomic1 amd64 8.3.0-6ubuntu1~18.04.1 [9,184 B]                                                                                     
Get:17 http://au.archive.ubuntu.com/ubuntu bionic-updates/main amd64 libasan4 amd64 7.4.0-1ubuntu1~18.04.1 [359 kB]                                                                                        
Get:18 http://au.archive.ubuntu.com/ubuntu bionic-updates/main amd64 liblsan0 amd64 8.3.0-6ubuntu1~18.04.1 [133 kB]                                                                                        
Get:19 http://au.archive.ubuntu.com/ubuntu bionic-updates/main amd64 libtsan0 amd64 8.3.0-6ubuntu1~18.04.1 [288 kB]                                                                                        
Get:20 http://au.archive.ubuntu.com/ubuntu bionic-updates/main amd64 libubsan0 amd64 7.4.0-1ubuntu1~18.04.1 [126 kB]                                                                                       
Get:21 http://au.archive.ubuntu.com/ubuntu bionic-updates/main amd64 libcilkrts5 amd64 7.4.0-1ubuntu1~18.04.1 [42.5 kB]                                                                                    
Get:22 http://au.archive.ubuntu.com/ubuntu bionic-updates/main amd64 libmpx2 amd64 8.3.0-6ubuntu1~18.04.1 [11.6 kB]                                                                                        
Get:23 http://au.archive.ubuntu.com/ubuntu bionic-updates/main amd64 libquadmath0 amd64 8.3.0-6ubuntu1~18.04.1 [133 kB]                                                                                    
Get:24 http://au.archive.ubuntu.com/ubuntu bionic-updates/main amd64 libgcc-7-dev amd64 7.4.0-1ubuntu1~18.04.1 [2,381 kB]                                                                                  
Get:25 http://au.archive.ubuntu.com/ubuntu bionic-updates/main amd64 gcc-7 amd64 7.4.0-1ubuntu1~18.04.1 [7,463 kB]                                                                                         
Get:26 http://au.archive.ubuntu.com/ubuntu bionic-updates/main amd64 gcc amd64 4:7.4.0-1ubuntu2.3 [5,184 B]                                                                                                
Get:27 http://au.archive.ubuntu.com/ubuntu bionic-updates/main amd64 libstdc++-7-dev amd64 7.4.0-1ubuntu1~18.04.1 [1,468 kB]                                                                               
Get:28 http://au.archive.ubuntu.com/ubuntu bionic-updates/main amd64 g++-7 amd64 7.4.0-1ubuntu1~18.04.1 [7,574 kB]                                                                                         
Get:29 http://au.archive.ubuntu.com/ubuntu bionic-updates/main amd64 g++ amd64 4:7.4.0-1ubuntu2.3 [1,568 B]                                                                                                
Get:30 http://au.archive.ubuntu.com/ubuntu bionic/main amd64 make amd64 4.1-9.1ubuntu1 [154 kB]                                                                                                            
Get:31 http://au.archive.ubuntu.com/ubuntu bionic-updates/main amd64 libdpkg-perl all 1.19.0.5ubuntu2.3 [211 kB]                                                                                           
Get:32 http://au.archive.ubuntu.com/ubuntu bionic-updates/main amd64 dpkg-dev all 1.19.0.5ubuntu2.3 [607 kB]                                                                                               
Get:33 http://au.archive.ubuntu.com/ubuntu bionic/main amd64 build-essential amd64 12.4ubuntu1 [4,758 B]                                                                                                   
Get:34 http://au.archive.ubuntu.com/ubuntu bionic/main amd64 libfakeroot amd64 1.22-2ubuntu1 [25.9 kB]                                                                                                     
Get:35 http://au.archive.ubuntu.com/ubuntu bionic/main amd64 fakeroot amd64 1.22-2ubuntu1 [62.3 kB]                                                                                                        
Get:36 http://au.archive.ubuntu.com/ubuntu bionic/main amd64 libalgorithm-diff-perl all 1.19.03-1 [47.6 kB]                                                                                                
Get:37 http://au.archive.ubuntu.com/ubuntu bionic/main amd64 libalgorithm-diff-xs-perl amd64 0.04-5 [11.1 kB]                                                                                              
Get:38 http://au.archive.ubuntu.com/ubuntu bionic/main amd64 libalgorithm-merge-perl all 0.08-3 [12.0 kB]                                                                                                  
Get:39 http://au.archive.ubuntu.com/ubuntu bionic-updates/main amd64 libexpat1-dev amd64 2.2.5-3ubuntu0.2 [122 kB]                                                                                         
Get:40 http://au.archive.ubuntu.com/ubuntu bionic/main amd64 libfile-fcntllock-perl amd64 0.22-3build2 [33.2 kB]                                                                                           
Get:41 http://au.archive.ubuntu.com/ubuntu bionic-updates/main amd64 libpython3.6-dev amd64 3.6.9-1~18.04 [44.8 MB]                                                                                        
Get:42 http://au.archive.ubuntu.com/ubuntu bionic-updates/main amd64 libpython3-dev amd64 3.6.7-1~18.04 [7,328 B]                                                                                          
Get:43 http://au.archive.ubuntu.com/ubuntu bionic/main amd64 manpages-dev all 4.15-1 [2,217 kB]                                                                                                            
Get:44 http://au.archive.ubuntu.com/ubuntu bionic-updates/universe amd64 python-pip-whl all 9.0.1-2.3~ubuntu1.18.04.1 [1,653 kB]                                                                           
Get:45 http://au.archive.ubuntu.com/ubuntu bionic/main amd64 python3-crypto amd64 2.6.1-8ubuntu2 [244 kB]                                                                                                  
Get:46 http://au.archive.ubuntu.com/ubuntu bionic-updates/main amd64 python3.6-dev amd64 3.6.9-1~18.04 [508 kB]                                                                                            
Get:47 http://au.archive.ubuntu.com/ubuntu bionic-updates/main amd64 python3-dev amd64 3.6.7-1~18.04 [1,288 B]                                                                                             
Get:48 http://au.archive.ubuntu.com/ubuntu bionic/main amd64 python3-secretstorage all 2.3.1-2 [12.1 kB]                                                                                                   
Get:49 http://au.archive.ubuntu.com/ubuntu bionic/main amd64 python3-keyring all 10.6.0-1 [26.7 kB]                                                                                                        
Get:50 http://au.archive.ubuntu.com/ubuntu bionic/main amd64 python3-keyrings.alt all 3.0-1 [16.6 kB]                                                                                                      
Get:51 http://au.archive.ubuntu.com/ubuntu bionic-updates/universe amd64 python3-pip all 9.0.1-2.3~ubuntu1.18.04.1 [114 kB]                                                                                
Get:52 http://au.archive.ubuntu.com/ubuntu bionic/main amd64 python3-setuptools all 39.0.1-2 [248 kB]                                                                                                      
Get:53 http://au.archive.ubuntu.com/ubuntu bionic/universe amd64 python3-wheel all 0.30.0-0.2 [36.5 kB]                                                                                                    
Get:54 http://au.archive.ubuntu.com/ubuntu bionic/main amd64 python3-xdg all 0.25-4ubuntu1 [31.4 kB]                                                                                                       
Fetched 85.0 MB in 1min 44s (815 kB/s)                                                                                                                                                                     
Extracting templates from packages: 100%
Selecting previously unselected package binutils-common:amd64.
(Reading database ... 108123 files and directories currently installed.)
Preparing to unpack .../00-binutils-common_2.30-21ubuntu1~18.04.2_amd64.deb ...
Unpacking binutils-common:amd64 (2.30-21ubuntu1~18.04.2) ...
Selecting previously unselected package libbinutils:amd64.
Preparing to unpack .../01-libbinutils_2.30-21ubuntu1~18.04.2_amd64.deb ...
Unpacking libbinutils:amd64 (2.30-21ubuntu1~18.04.2) ...
Selecting previously unselected package binutils-x86-64-linux-gnu.
Preparing to unpack .../02-binutils-x86-64-linux-gnu_2.30-21ubuntu1~18.04.2_amd64.deb ...
Unpacking binutils-x86-64-linux-gnu (2.30-21ubuntu1~18.04.2) ...
Selecting previously unselected package binutils.
Preparing to unpack .../03-binutils_2.30-21ubuntu1~18.04.2_amd64.deb ...
Unpacking binutils (2.30-21ubuntu1~18.04.2) ...
Selecting previously unselected package libc-dev-bin.
Preparing to unpack .../04-libc-dev-bin_2.27-3ubuntu1_amd64.deb ...
Unpacking libc-dev-bin (2.27-3ubuntu1) ...
Selecting previously unselected package linux-libc-dev:amd64.
Preparing to unpack .../05-linux-libc-dev_4.15.0-72.81_amd64.deb ...
Unpacking linux-libc-dev:amd64 (4.15.0-72.81) ...
Selecting previously unselected package libc6-dev:amd64.
Preparing to unpack .../06-libc6-dev_2.27-3ubuntu1_amd64.deb ...
Unpacking libc6-dev:amd64 (2.27-3ubuntu1) ...
Selecting previously unselected package gcc-7-base:amd64.
Preparing to unpack .../07-gcc-7-base_7.4.0-1ubuntu1~18.04.1_amd64.deb ...
Unpacking gcc-7-base:amd64 (7.4.0-1ubuntu1~18.04.1) ...
Selecting previously unselected package libisl19:amd64.
Preparing to unpack .../08-libisl19_0.19-1_amd64.deb ...
Unpacking libisl19:amd64 (0.19-1) ...
Selecting previously unselected package libmpc3:amd64.
Preparing to unpack .../09-libmpc3_1.1.0-1_amd64.deb ...
Unpacking libmpc3:amd64 (1.1.0-1) ...
Selecting previously unselected package cpp-7.
Preparing to unpack .../10-cpp-7_7.4.0-1ubuntu1~18.04.1_amd64.deb ...
Unpacking cpp-7 (7.4.0-1ubuntu1~18.04.1) ...
Selecting previously unselected package cpp.
Preparing to unpack .../11-cpp_4%3a7.4.0-1ubuntu2.3_amd64.deb ...
Unpacking cpp (4:7.4.0-1ubuntu2.3) ...
Selecting previously unselected package libcc1-0:amd64.
Preparing to unpack .../12-libcc1-0_8.3.0-6ubuntu1~18.04.1_amd64.deb ...
Unpacking libcc1-0:amd64 (8.3.0-6ubuntu1~18.04.1) ...
Selecting previously unselected package libgomp1:amd64.
Preparing to unpack .../13-libgomp1_8.3.0-6ubuntu1~18.04.1_amd64.deb ...
Unpacking libgomp1:amd64 (8.3.0-6ubuntu1~18.04.1) ...
Selecting previously unselected package libitm1:amd64.
Preparing to unpack .../14-libitm1_8.3.0-6ubuntu1~18.04.1_amd64.deb ...
Unpacking libitm1:amd64 (8.3.0-6ubuntu1~18.04.1) ...
Selecting previously unselected package libatomic1:amd64.
Preparing to unpack .../15-libatomic1_8.3.0-6ubuntu1~18.04.1_amd64.deb ...
Unpacking libatomic1:amd64 (8.3.0-6ubuntu1~18.04.1) ...
Selecting previously unselected package libasan4:amd64.
Preparing to unpack .../16-libasan4_7.4.0-1ubuntu1~18.04.1_amd64.deb ...
Unpacking libasan4:amd64 (7.4.0-1ubuntu1~18.04.1) ...
Selecting previously unselected package liblsan0:amd64.
Preparing to unpack .../17-liblsan0_8.3.0-6ubuntu1~18.04.1_amd64.deb ...
Unpacking liblsan0:amd64 (8.3.0-6ubuntu1~18.04.1) ...
Selecting previously unselected package libtsan0:amd64.
Preparing to unpack .../18-libtsan0_8.3.0-6ubuntu1~18.04.1_amd64.deb ...
Unpacking libtsan0:amd64 (8.3.0-6ubuntu1~18.04.1) ...
Selecting previously unselected package libubsan0:amd64.
Preparing to unpack .../19-libubsan0_7.4.0-1ubuntu1~18.04.1_amd64.deb ...
Unpacking libubsan0:amd64 (7.4.0-1ubuntu1~18.04.1) ...
Selecting previously unselected package libcilkrts5:amd64.
Preparing to unpack .../20-libcilkrts5_7.4.0-1ubuntu1~18.04.1_amd64.deb ...
Unpacking libcilkrts5:amd64 (7.4.0-1ubuntu1~18.04.1) ...
Selecting previously unselected package libmpx2:amd64.
Preparing to unpack .../21-libmpx2_8.3.0-6ubuntu1~18.04.1_amd64.deb ...
Unpacking libmpx2:amd64 (8.3.0-6ubuntu1~18.04.1) ...
Selecting previously unselected package libquadmath0:amd64.
Preparing to unpack .../22-libquadmath0_8.3.0-6ubuntu1~18.04.1_amd64.deb ...
Unpacking libquadmath0:amd64 (8.3.0-6ubuntu1~18.04.1) ...
Selecting previously unselected package libgcc-7-dev:amd64.
Preparing to unpack .../23-libgcc-7-dev_7.4.0-1ubuntu1~18.04.1_amd64.deb ...
Unpacking libgcc-7-dev:amd64 (7.4.0-1ubuntu1~18.04.1) ...
Selecting previously unselected package gcc-7.
Preparing to unpack .../24-gcc-7_7.4.0-1ubuntu1~18.04.1_amd64.deb ...
Unpacking gcc-7 (7.4.0-1ubuntu1~18.04.1) ...
Selecting previously unselected package gcc.
Preparing to unpack .../25-gcc_4%3a7.4.0-1ubuntu2.3_amd64.deb ...
Unpacking gcc (4:7.4.0-1ubuntu2.3) ...
Selecting previously unselected package libstdc++-7-dev:amd64.
Preparing to unpack .../26-libstdc++-7-dev_7.4.0-1ubuntu1~18.04.1_amd64.deb ...
Unpacking libstdc++-7-dev:amd64 (7.4.0-1ubuntu1~18.04.1) ...
Selecting previously unselected package g++-7.
Preparing to unpack .../27-g++-7_7.4.0-1ubuntu1~18.04.1_amd64.deb ...
Unpacking g++-7 (7.4.0-1ubuntu1~18.04.1) ...
Selecting previously unselected package g++.
Preparing to unpack .../28-g++_4%3a7.4.0-1ubuntu2.3_amd64.deb ...
Unpacking g++ (4:7.4.0-1ubuntu2.3) ...
Selecting previously unselected package make.
Preparing to unpack .../29-make_4.1-9.1ubuntu1_amd64.deb ...
Unpacking make (4.1-9.1ubuntu1) ...
Selecting previously unselected package libdpkg-perl.
Preparing to unpack .../30-libdpkg-perl_1.19.0.5ubuntu2.3_all.deb ...
Unpacking libdpkg-perl (1.19.0.5ubuntu2.3) ...
Selecting previously unselected package dpkg-dev.
Preparing to unpack .../31-dpkg-dev_1.19.0.5ubuntu2.3_all.deb ...
Unpacking dpkg-dev (1.19.0.5ubuntu2.3) ...
Selecting previously unselected package build-essential.
Preparing to unpack .../32-build-essential_12.4ubuntu1_amd64.deb ...
Unpacking build-essential (12.4ubuntu1) ...
Selecting previously unselected package libfakeroot:amd64.
Preparing to unpack .../33-libfakeroot_1.22-2ubuntu1_amd64.deb ...
Unpacking libfakeroot:amd64 (1.22-2ubuntu1) ...
Selecting previously unselected package fakeroot.
Preparing to unpack .../34-fakeroot_1.22-2ubuntu1_amd64.deb ...
Unpacking fakeroot (1.22-2ubuntu1) ...
Selecting previously unselected package libalgorithm-diff-perl.
Preparing to unpack .../35-libalgorithm-diff-perl_1.19.03-1_all.deb ...
Unpacking libalgorithm-diff-perl (1.19.03-1) ...
Selecting previously unselected package libalgorithm-diff-xs-perl.
Preparing to unpack .../36-libalgorithm-diff-xs-perl_0.04-5_amd64.deb ...
Unpacking libalgorithm-diff-xs-perl (0.04-5) ...
Selecting previously unselected package libalgorithm-merge-perl.
Preparing to unpack .../37-libalgorithm-merge-perl_0.08-3_all.deb ...
Unpacking libalgorithm-merge-perl (0.08-3) ...
Selecting previously unselected package libexpat1-dev:amd64.
Preparing to unpack .../38-libexpat1-dev_2.2.5-3ubuntu0.2_amd64.deb ...
Unpacking libexpat1-dev:amd64 (2.2.5-3ubuntu0.2) ...
Selecting previously unselected package libfile-fcntllock-perl.
Preparing to unpack .../39-libfile-fcntllock-perl_0.22-3build2_amd64.deb ...
Unpacking libfile-fcntllock-perl (0.22-3build2) ...
Selecting previously unselected package libpython3.6-dev:amd64.
Preparing to unpack .../40-libpython3.6-dev_3.6.9-1~18.04_amd64.deb ...
Unpacking libpython3.6-dev:amd64 (3.6.9-1~18.04) ...
Selecting previously unselected package libpython3-dev:amd64.
Preparing to unpack .../41-libpython3-dev_3.6.7-1~18.04_amd64.deb ...
Unpacking libpython3-dev:amd64 (3.6.7-1~18.04) ...
Selecting previously unselected package manpages-dev.
Preparing to unpack .../42-manpages-dev_4.15-1_all.deb ...
Unpacking manpages-dev (4.15-1) ...
Selecting previously unselected package python-pip-whl.
Preparing to unpack .../43-python-pip-whl_9.0.1-2.3~ubuntu1.18.04.1_all.deb ...
Unpacking python-pip-whl (9.0.1-2.3~ubuntu1.18.04.1) ...
Selecting previously unselected package python3-crypto.
Preparing to unpack .../44-python3-crypto_2.6.1-8ubuntu2_amd64.deb ...
Unpacking python3-crypto (2.6.1-8ubuntu2) ...
Selecting previously unselected package python3.6-dev.
Preparing to unpack .../45-python3.6-dev_3.6.9-1~18.04_amd64.deb ...
Unpacking python3.6-dev (3.6.9-1~18.04) ...
Selecting previously unselected package python3-dev.
Preparing to unpack .../46-python3-dev_3.6.7-1~18.04_amd64.deb ...
Unpacking python3-dev (3.6.7-1~18.04) ...
Selecting previously unselected package python3-secretstorage.
Preparing to unpack .../47-python3-secretstorage_2.3.1-2_all.deb ...
Unpacking python3-secretstorage (2.3.1-2) ...
Selecting previously unselected package python3-keyring.
Preparing to unpack .../48-python3-keyring_10.6.0-1_all.deb ...
Unpacking python3-keyring (10.6.0-1) ...
Selecting previously unselected package python3-keyrings.alt.
Preparing to unpack .../49-python3-keyrings.alt_3.0-1_all.deb ...
Unpacking python3-keyrings.alt (3.0-1) ...
Selecting previously unselected package python3-pip.
Preparing to unpack .../50-python3-pip_9.0.1-2.3~ubuntu1.18.04.1_all.deb ...
Unpacking python3-pip (9.0.1-2.3~ubuntu1.18.04.1) ...
Selecting previously unselected package python3-setuptools.
Preparing to unpack .../51-python3-setuptools_39.0.1-2_all.deb ...
Unpacking python3-setuptools (39.0.1-2) ...
Selecting previously unselected package python3-wheel.
Preparing to unpack .../52-python3-wheel_0.30.0-0.2_all.deb ...
Unpacking python3-wheel (0.30.0-0.2) ...
Selecting previously unselected package python3-xdg.
Preparing to unpack .../53-python3-xdg_0.25-4ubuntu1_all.deb ...
Unpacking python3-xdg (0.25-4ubuntu1) ...
Setting up libquadmath0:amd64 (8.3.0-6ubuntu1~18.04.1) ...
Setting up libgomp1:amd64 (8.3.0-6ubuntu1~18.04.1) ...
Setting up libatomic1:amd64 (8.3.0-6ubuntu1~18.04.1) ...
Setting up python-pip-whl (9.0.1-2.3~ubuntu1.18.04.1) ...
Setting up libcc1-0:amd64 (8.3.0-6ubuntu1~18.04.1) ...
Setting up make (4.1-9.1ubuntu1) ...
Setting up python3-crypto (2.6.1-8ubuntu2) ...
Setting up libtsan0:amd64 (8.3.0-6ubuntu1~18.04.1) ...
Setting up python3-xdg (0.25-4ubuntu1) ...
Setting up python3-keyrings.alt (3.0-1) ...
Setting up linux-libc-dev:amd64 (4.15.0-72.81) ...
Setting up libdpkg-perl (1.19.0.5ubuntu2.3) ...
Setting up python3-wheel (0.30.0-0.2) ...
Setting up liblsan0:amd64 (8.3.0-6ubuntu1~18.04.1) ...
Setting up gcc-7-base:amd64 (7.4.0-1ubuntu1~18.04.1) ...
Setting up binutils-common:amd64 (2.30-21ubuntu1~18.04.2) ...
Setting up libfile-fcntllock-perl (0.22-3build2) ...
Setting up libmpx2:amd64 (8.3.0-6ubuntu1~18.04.1) ...
Setting up libfakeroot:amd64 (1.22-2ubuntu1) ...
Setting up python3-pip (9.0.1-2.3~ubuntu1.18.04.1) ...
Setting up libalgorithm-diff-perl (1.19.03-1) ...
Setting up libmpc3:amd64 (1.1.0-1) ...
Setting up libc-dev-bin (2.27-3ubuntu1) ...
Setting up python3-setuptools (39.0.1-2) ...
Setting up python3-secretstorage (2.3.1-2) ...
Setting up manpages-dev (4.15-1) ...
Setting up libc6-dev:amd64 (2.27-3ubuntu1) ...
Setting up libitm1:amd64 (8.3.0-6ubuntu1~18.04.1) ...
Setting up libisl19:amd64 (0.19-1) ...
Setting up libasan4:amd64 (7.4.0-1ubuntu1~18.04.1) ...
Setting up python3-keyring (10.6.0-1) ...
Setting up libbinutils:amd64 (2.30-21ubuntu1~18.04.2) ...
Setting up libcilkrts5:amd64 (7.4.0-1ubuntu1~18.04.1) ...
Setting up libubsan0:amd64 (7.4.0-1ubuntu1~18.04.1) ...
Setting up fakeroot (1.22-2ubuntu1) ...
update-alternatives: using /usr/bin/fakeroot-sysv to provide /usr/bin/fakeroot (fakeroot) in auto mode
Setting up libgcc-7-dev:amd64 (7.4.0-1ubuntu1~18.04.1) ...
Setting up cpp-7 (7.4.0-1ubuntu1~18.04.1) ...
Setting up libstdc++-7-dev:amd64 (7.4.0-1ubuntu1~18.04.1) ...
Setting up libalgorithm-merge-perl (0.08-3) ...
Setting up libalgorithm-diff-xs-perl (0.04-5) ...
Setting up libexpat1-dev:amd64 (2.2.5-3ubuntu0.2) ...
Setting up binutils-x86-64-linux-gnu (2.30-21ubuntu1~18.04.2) ...
Setting up cpp (4:7.4.0-1ubuntu2.3) ...
Setting up libpython3.6-dev:amd64 (3.6.9-1~18.04) ...
Setting up binutils (2.30-21ubuntu1~18.04.2) ...
Setting up python3.6-dev (3.6.9-1~18.04) ...
Setting up libpython3-dev:amd64 (3.6.7-1~18.04) ...
Setting up gcc-7 (7.4.0-1ubuntu1~18.04.1) ...
Setting up g++-7 (7.4.0-1ubuntu1~18.04.1) ...
Setting up python3-dev (3.6.7-1~18.04) ...
Setting up gcc (4:7.4.0-1ubuntu2.3) ...
Setting up dpkg-dev (1.19.0.5ubuntu2.3) ...
Setting up g++ (4:7.4.0-1ubuntu2.3) ...
update-alternatives: using /usr/bin/g++ to provide /usr/bin/c++ (c++) in auto mode
Setting up build-essential (12.4ubuntu1) ...
Processing triggers for man-db (2.8.3-2ubuntu0.1) ...
Processing triggers for libc-bin (2.27-3ubuntu1) ...

