coogee% sudo apt -y upgrade
Reading package lists... Done
Building dependency tree... Done
Reading state information... Done
Calculating upgrade... Done
The following package was automatically installed and is no longer required:
  libllvm14
Use 'sudo apt autoremove' to remove it.
The following NEW packages will be installed:
  postgresql-client-16
The following packages have been kept back:
  postgresql postgresql-client-common postgresql-common postgresql-contrib
The following packages will be upgraded:
  libdbd-pg-perl libpq5 postgresql-14 postgresql-client-12
  postgresql-client-14 python-psycopg2-doc python3-psycopg2 thunderbird
  thunderbird-gnome-support thunderbird-locale-en thunderbird-locale-en-us
11 to upgrade, 1 to newly install, 0 to remove and 4 not to upgrade.
4 standard LTS security updates
Need to get 90.6 MB of archives.
After this operation, 20.0 MB of additional disk space will be used.
Get:1 http://security.ubuntu.com/ubuntu jammy-security/main amd64 thunderbird-locale-en amd64 1:115.9.0+build1-0ubuntu0.22.04.1 [1,018 kB]
Get:2 http://apt.postgresql.org/pub/repos/apt jammy-pgdg/main amd64 libpq5 amd64 16.2-1.pgdg22.04+1 [214 kB]
Get:3 http://apt.postgresql.org/pub/repos/apt jammy-pgdg/main amd64 libdbd-pg-perl amd64 3.18.0-1.pgdg22.04+1 [194 kB]
Get:4 http://apt.postgresql.org/pub/repos/apt jammy-pgdg/main amd64 postgresql-client-14 amd64 14.11-1.pgdg22.04+1 [1,621 kB]
Get:5 http://security.ubuntu.com/ubuntu jammy-security/main amd64 thunderbird amd64 1:115.9.0+build1-0ubuntu0.22.04.1 [67.4 MB]
Get:6 http://apt.postgresql.org/pub/repos/apt jammy-pgdg/main amd64 postgresql-14 amd64 14.11-1.pgdg22.04+1 [16.4 MB]
Get:7 http://apt.postgresql.org/pub/repos/apt jammy-pgdg/main amd64 postgresql-client-12 amd64 12.18-1.pgdg22.04+1 [1,438 kB]
Get:8 http://apt.postgresql.org/pub/repos/apt jammy-pgdg/main amd64 postgresql-client-16 amd64 16.2-1.pgdg22.04+1 [1,886 kB]
Get:9 http://apt.postgresql.org/pub/repos/apt jammy-pgdg/main amd64 python-psycopg2-doc all 2.9.9-1.pgdg22.04+1 [311 kB]
Get:10 http://apt.postgresql.org/pub/repos/apt jammy-pgdg/main amd64 python3-psycopg2 amd64 2.9.9-1.pgdg22.04+1 [133 kB]
Get:11 http://security.ubuntu.com/ubuntu jammy-security/main amd64 thunderbird-gnome-support amd64 1:115.9.0+build1-0ubuntu0.22.04.1 [8,620 B]
Get:12 http://security.ubuntu.com/ubuntu jammy-security/main amd64 thunderbird-locale-en-us all 1:115.9.0+build1-0ubuntu0.22.04.1 [9,524 B]
Fetched 90.6 MB in 19s (4,699 kB/s)                                            
Preconfiguring packages ...
(Reading database ... 417033 files and directories currently installed.)
Preparing to unpack .../00-libpq5_16.2-1.pgdg22.04+1_amd64.deb ...
Unpacking libpq5:amd64 (16.2-1.pgdg22.04+1) over (14.11-0ubuntu0.22.04.1) ...
Preparing to unpack .../01-libdbd-pg-perl_3.18.0-1.pgdg22.04+1_amd64.deb ...
Unpacking libdbd-pg-perl (3.18.0-1.pgdg22.04+1) over (3.15.1-1) ...
Preparing to unpack .../02-postgresql-client-14_14.11-1.pgdg22.04+1_amd64.deb ..
.
Unpacking postgresql-client-14 (14.11-1.pgdg22.04+1) over (14.11-0ubuntu0.22.04.
1) ...
Preparing to unpack .../03-postgresql-14_14.11-1.pgdg22.04+1_amd64.deb ...
Unpacking postgresql-14 (14.11-1.pgdg22.04+1) over (14.11-0ubuntu0.22.04.1) ...
Preparing to unpack .../04-postgresql-client-12_12.18-1.pgdg22.04+1_amd64.deb ..
.
Unpacking postgresql-client-12 (12.18-1.pgdg22.04+1) over (12.12-1.pgdg20.04+1) 
...
Selecting previously unselected package postgresql-client-16.
Preparing to unpack .../05-postgresql-client-16_16.2-1.pgdg22.04+1_amd64.deb ...
Unpacking postgresql-client-16 (16.2-1.pgdg22.04+1) ...
Preparing to unpack .../06-python-psycopg2-doc_2.9.9-1.pgdg22.04+1_all.deb ...
Unpacking python-psycopg2-doc (2.9.9-1.pgdg22.04+1) over (2.9.2-1build2) ...
Preparing to unpack .../07-python3-psycopg2_2.9.9-1.pgdg22.04+1_amd64.deb ...
Unpacking python3-psycopg2 (2.9.9-1.pgdg22.04+1) over (2.9.2-1build2) ...
Preparing to unpack .../08-thunderbird-locale-en_1%3a115.9.0+build1-0ubuntu0.22.
04.1_amd64.deb ...
Unpacking thunderbird-locale-en (1:115.9.0+build1-0ubuntu0.22.04.1) over (1:115.
8.1+build1-0ubuntu0.22.04.1) ...
Preparing to unpack .../09-thunderbird_1%3a115.9.0+build1-0ubuntu0.22.04.1_amd64
.deb ...
Unpacking thunderbird (1:115.9.0+build1-0ubuntu0.22.04.1) over (1:115.8.1+build1
-0ubuntu0.22.04.1) ...
Preparing to unpack .../10-thunderbird-gnome-support_1%3a115.9.0+build1-0ubuntu0
.22.04.1_amd64.deb ...
Unpacking thunderbird-gnome-support (1:115.9.0+build1-0ubuntu0.22.04.1) over (1:
115.8.1+build1-0ubuntu0.22.04.1) ...
Preparing to unpack .../11-thunderbird-locale-en-us_1%3a115.9.0+build1-0ubuntu0.
22.04.1_all.deb ...
Unpacking thunderbird-locale-en-us (1:115.9.0+build1-0ubuntu0.22.04.1) over (1:1
15.8.1+build1-0ubuntu0.22.04.1) ...
Setting up libpq5:amd64 (16.2-1.pgdg22.04+1) ...
Setting up libdbd-pg-perl (3.18.0-1.pgdg22.04+1) ...
Setting up postgresql-client-14 (14.11-1.pgdg22.04+1) ...
Setting up postgresql-client-12 (12.18-1.pgdg22.04+1) ...
Setting up python-psycopg2-doc (2.9.9-1.pgdg22.04+1) ...
Setting up python3-psycopg2 (2.9.9-1.pgdg22.04+1) ...
Setting up thunderbird (1:115.9.0+build1-0ubuntu0.22.04.1) ...
Setting up postgresql-14 (14.11-1.pgdg22.04+1) ...
Setting up postgresql-client-16 (16.2-1.pgdg22.04+1) ...
update-alternatives: using /usr/share/postgresql/16/man/man1/psql.1.gz to provid
e /usr/share/man/man1/psql.1.gz (psql.1.gz) in auto mode
Setting up thunderbird-locale-en (1:115.9.0+build1-0ubuntu0.22.04.1) ...
Setting up thunderbird-locale-en-us (1:115.9.0+build1-0ubuntu0.22.04.1) ...
Setting up thunderbird-gnome-support (1:115.9.0+build1-0ubuntu0.22.04.1) ...
Processing triggers for mailcap (3.70+nmu1ubuntu1) ...
Processing triggers for desktop-file-utils (0.26-1ubuntu3) ...
Processing triggers for hicolor-icon-theme (0.17-2) ...
Processing triggers for gnome-menus (3.36.0-1ubuntu3) ...
Processing triggers for libc-bin (2.35-0ubuntu3.6) ...
Processing triggers for man-db (2.10.2-1) ...
Processing triggers for postgresql-common (242.pgdg20.04+1) ...
Building PostgreSQL dictionaries from installed myspell/hunspell packages...
  en_us
Removing obsolete dictionary files:
coogee% 

