{
  "data": [
    {
      "byoipv6-cidr-blocks": null,
      "cidr-block": "10.1.0.0/16",
      "cidr-blocks": [
        "10.1.0.0/16"
      ],
      "compartment-id": "ocid1.compartment.oc1..aaaaaaaax4nkky4yov3bahtf3cg226ya2ngsaru7vxkv6pavdjwzz5udsojq",
      "default-dhcp-options-id": "ocid1.dhcpoptions.oc1.ap-sydney-1.aaaaaaaay66526fgoziqacn26jaz2ji3x762k32vg3aakctaddjowow4nnka",
      "default-route-table-id": "ocid1.routetable.oc1.ap-sydney-1.aaaaaaaao5xuihfu7m23l6bhh6kul6g2bxrvdfwb2hsoty6x5cg4ppnif5xa",
      "default-security-list-id": "ocid1.securitylist.oc1.ap-sydney-1.aaaaaaaa5tkyymrc5wgxkecardz2xzlla2w6nhrsmb4cgqilltoajywyr4za",
      "defined-tags": {
        "Oracle-Tags": {
          "CreatedBy": "default/tenancy_admin",
          "CreatedOn": "2024-01-12T07:45:11.830Z"
        }
      },
      "display-name": "Mastadon_Network",
      "dns-label": "mastadon",
      "freeform-tags": {},
      "id": "ocid1.vcn.oc1.ap-sydney-1.amaaaaaa63mv4jya75cfieoatbehnc3rn4q6abdcjmwxa5pdqddhic464n4q",
      "ipv6-cidr-blocks": null,
      "ipv6-private-cidr-blocks": null,
      "lifecycle-state": "AVAILABLE",
      "time-created": "2024-01-12T07:45:11.906000+00:00",
      "vcn-domain-name": "mastadon.oraclevcn.com"
    }
  ]
}
{
  "data": [
    {
      "availability-domain": null,
      "cidr-block": "10.1.1.0/24",
      "compartment-id": "ocid1.compartment.oc1..aaaaaaaax4nkky4yov3bahtf3cg226ya2ngsaru7vxkv6pavdjwzz5udsojq",
      "defined-tags": {
        "Oracle-Tags": {
          "CreatedBy": "default/tenancy_admin",
          "CreatedOn": "2024-01-12T07:45:58.747Z"
        }
      },
      "dhcp-options-id": "ocid1.dhcpoptions.oc1.ap-sydney-1.aaaaaaaay66526fgoziqacn26jaz2ji3x762k32vg3aakctaddjowow4nnka",
      "display-name": "Mastadon DB Server Sub-Network",
      "dns-label": null,
      "freeform-tags": {},
      "id": "ocid1.subnet.oc1.ap-sydney-1.aaaaaaaazjblkfk54cu4gpm2d2axvzvvoj4rpimbm2qyusqop7l6lv2fnefq",
      "ipv6-cidr-block": null,
      "ipv6-cidr-blocks": null,
      "ipv6-virtual-router-ip": null,
      "lifecycle-state": "AVAILABLE",
      "prohibit-internet-ingress": false,
      "prohibit-public-ip-on-vnic": false,
      "route-table-id": "ocid1.routetable.oc1.ap-sydney-1.aaaaaaaao5xuihfu7m23l6bhh6kul6g2bxrvdfwb2hsoty6x5cg4ppnif5xa",
      "security-list-ids": [
        "ocid1.securitylist.oc1.ap-sydney-1.aaaaaaaa5tkyymrc5wgxkecardz2xzlla2w6nhrsmb4cgqilltoajywyr4za"
      ],
      "subnet-domain-name": null,
      "time-created": "2024-01-12T07:45:58.829000+00:00",
      "vcn-id": "ocid1.vcn.oc1.ap-sydney-1.amaaaaaa63mv4jya75cfieoatbehnc3rn4q6abdcjmwxa5pdqddhic464n4q",
      "virtual-router-ip": "10.1.1.1",
      "virtual-router-mac": "00:00:17:82:B4:21"
    },
    {
      "availability-domain": null,
      "cidr-block": "10.1.0.0/24",
      "compartment-id": "ocid1.compartment.oc1..aaaaaaaax4nkky4yov3bahtf3cg226ya2ngsaru7vxkv6pavdjwzz5udsojq",
      "defined-tags": {
        "Oracle-Tags": {
          "CreatedBy": "default/tenancy_admin",
          "CreatedOn": "2024-01-12T07:45:12.390Z"
        }
      },
      "dhcp-options-id": "ocid1.dhcpoptions.oc1.ap-sydney-1.aaaaaaaay66526fgoziqacn26jaz2ji3x762k32vg3aakctaddjowow4nnka",
      "display-name": "Mastadon Web Server Sub-Network",
      "dns-label": null,
      "freeform-tags": {},
      "id": "ocid1.subnet.oc1.ap-sydney-1.aaaaaaaax563awlub2dog3iqfpaal7n5ilgzl7bnsydnuvdtfrb3mrfhwlha",
      "ipv6-cidr-block": null,
      "ipv6-cidr-blocks": null,
      "ipv6-virtual-router-ip": null,
      "lifecycle-state": "AVAILABLE",
      "prohibit-internet-ingress": false,
      "prohibit-public-ip-on-vnic": false,
      "route-table-id": "ocid1.routetable.oc1.ap-sydney-1.aaaaaaaao5xuihfu7m23l6bhh6kul6g2bxrvdfwb2hsoty6x5cg4ppnif5xa",
      "security-list-ids": [
        "ocid1.securitylist.oc1.ap-sydney-1.aaaaaaaa5tkyymrc5wgxkecardz2xzlla2w6nhrsmb4cgqilltoajywyr4za"
      ],
      "subnet-domain-name": null,
      "time-created": "2024-01-12T07:45:12.427000+00:00",
      "vcn-id": "ocid1.vcn.oc1.ap-sydney-1.amaaaaaa63mv4jya75cfieoatbehnc3rn4q6abdcjmwxa5pdqddhic464n4q",
      "virtual-router-ip": "10.1.0.1",
      "virtual-router-mac": "00:00:17:82:B4:21"
    }
  ]
}

