data.oci_core_subnet.mastadon_subnet: Reading...
data.oci_core_vcn.mastadon_vcn: Reading...
data.oci_core_vcn.mastadon_vcn: Read complete after 1s [id=ocid1.vcn.oc1.ap-sydney-1.amaaaaaa63mv4jya75cfieoatbehnc3rn4q6abdcjmwxa5pdqddhic464n4q]
data.oci_core_subnet.mastadon_subnet: Read complete after 1s [id=ocid1.subnet.oc1.ap-sydney-1.aaaaaaaazjblkfk54cu4gpm2d2axvzvvoj4rpimbm2qyusqop7l6lv2fnefq]

Changes to Outputs:
  + mastadon_subnet = {
      + availability_domain        = null
      + cidr_block                 = "10.1.1.0/24"
      + compartment_id             = "ocid1.compartment.oc1..aaaaaaaax4nkky4yov3bahtf3cg226ya2ngsaru7vxkv6pavdjwzz5udsojq"
      + defined_tags               = {
          + "Oracle-Tags.CreatedBy" = "default/tenancy_admin"
          + "Oracle-Tags.CreatedOn" = "2024-01-12T07:45:58.747Z"
        }
      + dhcp_options_id            = "ocid1.dhcpoptions.oc1.ap-sydney-1.aaaaaaaay66526fgoziqacn26jaz2ji3x762k32vg3aakctaddjowow4nnka"
      + display_name               = "Mastadon DB Server Sub-Network"
      + dns_label                  = null
      + freeform_tags              = {}
      + id                         = "ocid1.subnet.oc1.ap-sydney-1.aaaaaaaazjblkfk54cu4gpm2d2axvzvvoj4rpimbm2qyusqop7l6lv2fnefq"
      + ipv6cidr_block             = null
      + ipv6cidr_blocks            = []
      + ipv6virtual_router_ip      = null
      + prohibit_internet_ingress  = false
      + prohibit_public_ip_on_vnic = false
      + route_table_id             = "ocid1.routetable.oc1.ap-sydney-1.aaaaaaaao5xuihfu7m23l6bhh6kul6g2bxrvdfwb2hsoty6x5cg4ppnif5xa"
      + security_list_ids          = [
          + "ocid1.securitylist.oc1.ap-sydney-1.aaaaaaaa5tkyymrc5wgxkecardz2xzlla2w6nhrsmb4cgqilltoajywyr4za",
        ]
      + state                      = "AVAILABLE"
      + subnet_domain_name         = null
      + subnet_id                  = "ocid1.subnet.oc1.ap-sydney-1.aaaaaaaazjblkfk54cu4gpm2d2axvzvvoj4rpimbm2qyusqop7l6lv2fnefq"
      + time_created               = "2024-01-12 07:45:58.829 +0000 UTC"
      + vcn_id                     = "ocid1.vcn.oc1.ap-sydney-1.amaaaaaa63mv4jya75cfieoatbehnc3rn4q6abdcjmwxa5pdqddhic464n4q"
      + virtual_router_ip          = "10.1.1.1"
      + virtual_router_mac         = "00:00:17:82:B4:21"
    }
  + mastadon_vcn    = {
      + byoipv6cidr_blocks               = []
      + byoipv6cidr_details              = null
      + cidr_block                       = "10.1.0.0/16"
      + cidr_blocks                      = [
          + "10.1.0.0/16",
        ]
      + compartment_id                   = "ocid1.compartment.oc1..aaaaaaaax4nkky4yov3bahtf3cg226ya2ngsaru7vxkv6pavdjwzz5udsojq"
      + default_dhcp_options_id          = "ocid1.dhcpoptions.oc1.ap-sydney-1.aaaaaaaay66526fgoziqacn26jaz2ji3x762k32vg3aakctaddjowow4nnka"
      + default_route_table_id           = "ocid1.routetable.oc1.ap-sydney-1.aaaaaaaao5xuihfu7m23l6bhh6kul6g2bxrvdfwb2hsoty6x5cg4ppnif5xa"
      + default_security_list_id         = "ocid1.securitylist.oc1.ap-sydney-1.aaaaaaaa5tkyymrc5wgxkecardz2xzlla2w6nhrsmb4cgqilltoajywyr4za"
      + defined_tags                     = {
          + "Oracle-Tags.CreatedBy" = "default/tenancy_admin"
          + "Oracle-Tags.CreatedOn" = "2024-01-12T07:45:11.830Z"
        }
      + display_name                     = "Mastadon_Network"
      + dns_label                        = "mastadon"
      + freeform_tags                    = {}
      + id                               = "ocid1.vcn.oc1.ap-sydney-1.amaaaaaa63mv4jya75cfieoatbehnc3rn4q6abdcjmwxa5pdqddhic464n4q"
      + ipv6cidr_blocks                  = []
      + ipv6private_cidr_blocks          = []
      + is_ipv6enabled                   = null
      + is_oracle_gua_allocation_enabled = null
      + state                            = "AVAILABLE"
      + time_created                     = "2024-01-12 07:45:11.906 +0000 UTC"
      + vcn_domain_name                  = "mastadon.oraclevcn.com"
      + vcn_id                           = "ocid1.vcn.oc1.ap-sydney-1.amaaaaaa63mv4jya75cfieoatbehnc3rn4q6abdcjmwxa5pdqddhic464n4q"
    }

You can apply this plan to save these new output values to the Terraform state, without changing any real infrastructure.

──────────────────────────────────────────────────────────────────────────────────────────────────────────────────────────────────────────────────────────────────────────────────────

Note: You didn't use the -out option to save this plan, so Terraform can't guarantee to take exactly these actions if you run "terraform apply" now.